[15988:11728:0403/171612.700:WARNING:chrome_main_delegate.cc(740)] This is Chrome version 123.0.6312.86 (not a warning)
[15988:11728:0403/171612.750:INFO:policy_logger.cc(145)] :components\enterprise\browser\controller\chrome_browser_cloud_management_controller.cc(168) Starting CBCM Controller Initialization
[15988:11728:0403/171612.750:INFO:policy_logger.cc(145)] :components\enterprise\browser\controller\chrome_browser_cloud_management_controller.cc(196) No machine level policy manager exists.
[15988:11728:0403/171613.429:INFO:CONSOLE(108)] "Unrecognized feature: 'attribution-reporting'.", source: https://connect.facebook.net/signals/config/1457130904612161?v=2.9.151&r=stable&domain=shopee.vn&hme=8ce74e881727851b4427183947937854816d72704925561b9de6420cd43214ee&ex_m=66%2C111%2C98%2C102%2C57%2C3%2C92%2C65%2C15%2C90%2C83%2C48%2C50%2C157%2C160%2C171%2C167%2C168%2C170%2C28%2C93%2C49%2C72%2C169%2C152%2C155%2C164%2C165%2C172%2C120%2C14%2C47%2C176%2C175%2C122%2C17%2C32%2C36%2C1%2C40%2C61%2C62%2C63%2C67%2C87%2C16%2C13%2C89%2C86%2C85%2C99%2C101%2C35%2C100%2C29%2C25%2C153%2C156%2C129%2C27%2C10%2C11%2C12%2C5%2C6%2C24%2C21%2C22%2C53%2C58%2C60%2C70%2C94%2C26%2C71%2C8%2C7%2C75%2C45%2C20%2C96%2C95%2C9%2C19%2C18%2C77%2C82%2C44%2C43%2C81%2C37%2C39%2C80%2C52%2C78%2C31%2C41%2C34%2C69%2C0%2C88%2C4%2C84%2C76%2C79%2C2%2C33%2C59%2C38%2C97%2C42%2C74%2C64%2C103%2C56%2C55%2C30%2C91%2C54%2C51%2C46%2C73%2C68%2C23%2C104 (108)
[15988:11728:0403/171613.650:INFO:CONSOLE(1)] "Error", source: https://deo.shopeemobile.com/shopee/shopee-pcmall-live-sg/assets/8379.f47b8558c4874d1a.js (1)
[15988:11728:0403/171613.909:INFO:CONSOLE(1)] "Error", source: https://deo.shopeemobile.com/shopee/shopee-pcmall-live-sg/assets/8379.f47b8558c4874d1a.js (1)
[15988:11728:0403/171613.950:WARNING:capture_device_ranking.h(255)] Can't initialize the value of media.audio_input.user_preference_ranking because media.default_audio_capture_device isn't registered or is empty
[15988:11728:0403/171613.950:WARNING:capture_device_ranking.h(255)] Can't initialize the value of media.video_input.user_preference_ranking because media.default_video_capture_Device isn't registered or is empty
[15988:11728:0403/171613.990:INFO:CONSOLE(1)] "Error", source: https://deo.shopeemobile.com/shopee/shopee-pcmall-live-sg/assets/8379.f47b8558c4874d1a.js (1)
[15988:11728:0403/171614.156:INFO:CONSOLE(1)] "Error", source: https://deo.shopeemobile.com/shopee/shopee-pcmall-live-sg/assets/8379.f47b8558c4874d1a.js (1)
[15988:11728:0403/171614.179:INFO:CONSOLE(1)] "调 require 顺序 @shopee/tracking-ubt@55e34e8", source: https://deo.shopeemobile.com/shopee/shopee-pcmall-live-sg/assets/8379.f47b8558c4874d1a.js (1)
[15988:11728:0403/171614.179:INFO:CONSOLE(1)] "调 require 顺序 @shopee/tracking-algo@55e34e8", source: https://deo.shopeemobile.com/shopee/shopee-pcmall-live-sg/assets/8379.f47b8558c4874d1a.js (1)
[15988:11728:0403/171614.191:INFO:CONSOLE(0)] "Third-party cookie will be blocked. Learn more in the Issues tab.", source: https://shopee.vn/ (0)
[15988:11728:0403/171614.276:INFO:CONSOLE(1)] "Error", source: https://deo.shopeemobile.com/shopee/shopee-pcmall-live-sg/assets/8379.f47b8558c4874d1a.js (1)
[15988:11728:0403/171614.292:INFO:CONSOLE(1)] "Error", source: https://deo.shopeemobile.com/shopee/shopee-pcmall-live-sg/assets/8379.f47b8558c4874d1a.js (1)
[15988:11728:0403/171614.309:INFO:CONSOLE(1)] "Error", source: https://deo.shopeemobile.com/shopee/shopee-pcmall-live-sg/assets/8379.f47b8558c4874d1a.js (1)
[15988:11728:0403/171614.327:INFO:CONSOLE(1)] "Error", source: https://deo.shopeemobile.com/shopee/shopee-pcmall-live-sg/assets/8379.f47b8558c4874d1a.js (1)
[15988:11728:0403/171614.529:INFO:CONSOLE(1)] "Error", source: https://deo.shopeemobile.com/shopee/shopee-pcmall-live-sg/assets/8379.f47b8558c4874d1a.js (1)
[15988:11728:0403/171614.623:INFO:CONSOLE(1)] "Error", source: https://deo.shopeemobile.com/shopee/shopee-pcmall-live-sg/assets/8379.f47b8558c4874d1a.js (1)
[15988:11728:0403/171614.702:INFO:CONSOLE(1)] "Error", source: https://deo.shopeemobile.com/shopee/shopee-pcmall-live-sg/assets/8379.f47b8558c4874d1a.js (1)
[15988:11728:0403/171614.714:INFO:CONSOLE(1)] "Error", source: https://deo.shopeemobile.com/shopee/shopee-pcmall-live-sg/assets/8379.f47b8558c4874d1a.js (1)
[15988:11728:0403/171614.779:INFO:CONSOLE(1)] "Error", source: https://deo.shopeemobile.com/shopee/shopee-pcmall-live-sg/assets/8379.f47b8558c4874d1a.js (1)
[15988:11728:0403/171614.793:INFO:CONSOLE(1)] "Error", source: https://deo.shopeemobile.com/shopee/shopee-pcmall-live-sg/assets/8379.f47b8558c4874d1a.js (1)
[15988:11728:0403/171614.820:INFO:CONSOLE(1)] "[Meta Pixel] - Duplicate Pixel ID: 1457130904612161.", source: https://deo.shopeemobile.com/shopee/shopee-pcmall-live-sg/assets/8379.f47b8558c4874d1a.js (1)
[15988:11728:0403/171615.227:INFO:CONSOLE(1)] "Error", source: https://deo.shopeemobile.com/shopee/shopee-pcmall-live-sg/assets/8379.f47b8558c4874d1a.js (1)
[15988:11728:0403/171615.233:WARNING:capture_device_ranking.h(255)] Can't initialize the value of media.audio_input.user_preference_ranking because media.default_audio_capture_device isn't registered or is empty
[15988:11728:0403/171615.233:WARNING:capture_device_ranking.h(255)] Can't initialize the value of media.video_input.user_preference_ranking because media.default_video_capture_Device isn't registered or is empty
[15988:11728:0403/171615.261:INFO:CONSOLE(1)] "Error", source: https://deo.shopeemobile.com/shopee/shopee-pcmall-live-sg/assets/8379.f47b8558c4874d1a.js (1)
[15988:11728:0403/171615.269:INFO:CONSOLE(108)] "Unrecognized feature: 'attribution-reporting'.", source: https://connect.facebook.net/signals/config/1457130904612161?v=2.9.151&r=stable&domain=shopee.vn&hme=8ce74e881727851b4427183947937854816d72704925561b9de6420cd43214ee&ex_m=66%2C111%2C98%2C102%2C57%2C3%2C92%2C65%2C15%2C90%2C83%2C48%2C50%2C157%2C160%2C171%2C167%2C168%2C170%2C28%2C93%2C49%2C72%2C169%2C152%2C155%2C164%2C165%2C172%2C120%2C14%2C47%2C176%2C175%2C122%2C17%2C32%2C36%2C1%2C40%2C61%2C62%2C63%2C67%2C87%2C16%2C13%2C89%2C86%2C85%2C99%2C101%2C35%2C100%2C29%2C25%2C153%2C156%2C129%2C27%2C10%2C11%2C12%2C5%2C6%2C24%2C21%2C22%2C53%2C58%2C60%2C70%2C94%2C26%2C71%2C8%2C7%2C75%2C45%2C20%2C96%2C95%2C9%2C19%2C18%2C77%2C82%2C44%2C43%2C81%2C37%2C39%2C80%2C52%2C78%2C31%2C41%2C34%2C69%2C0%2C88%2C4%2C84%2C76%2C79%2C2%2C33%2C59%2C38%2C97%2C42%2C74%2C64%2C103%2C56%2C55%2C30%2C91%2C54%2C51%2C46%2C73%2C68%2C23%2C104 (108)
[15988:11728:0403/171615.299:INFO:CONSOLE(1)] "调 require 顺序 @shopee/tracking-ubt@55e34e8", source: https://deo.shopeemobile.com/shopee/shopee-pcmall-live-sg/assets/8379.f47b8558c4874d1a.js (1)
[15988:11728:0403/171615.299:INFO:CONSOLE(1)] "调 require 顺序 @shopee/tracking-algo@55e34e8", source: https://deo.shopeemobile.com/shopee/shopee-pcmall-live-sg/assets/8379.f47b8558c4874d1a.js (1)
[15988:11728:0403/171615.331:INFO:CONSOLE(1)] "Error", source: https://deo.shopeemobile.com/shopee/shopee-pcmall-live-sg/assets/8379.f47b8558c4874d1a.js (1)
[15988:11728:0403/171615.344:WARNING:capture_device_ranking.h(255)] Can't initialize the value of media.audio_input.user_preference_ranking because media.default_audio_capture_device isn't registered or is empty
[15988:11728:0403/171615.344:WARNING:capture_device_ranking.h(255)] Can't initialize the value of media.video_input.user_preference_ranking because media.default_video_capture_Device isn't registered or is empty
[15988:11728:0403/171615.570:INFO:CONSOLE(0)] "Third-party cookie will be blocked. Learn more in the Issues tab.", source: https://shopee.vn/verify/captcha?anti_bot_tracking_id=VTJGc2RHVmtYMSt5bnp6Yk5SNjgySzZCYXZSZHBwdXFna015aDJOaThyYUJtRkZhK1lzZjlGeXg2MnhueDV4OWVjU3ZJeVpUZTJJL0gyZVVEbHdHWU9NSzNDeGlQYkg3K2FjWnJkS1hZVnR4ZzFKUlZwV1pRRGsyMmJKeSs4ejZMR1Yya0hnLzEvOURzMFlQYytQR3UxRVlUVGV2MGZaZTNhejU1eko0bW8waGNScEI5VHlQT1R2WVp1SFgxeWlITVNyZ2dCTGF2cWwxd0JUSFJmZ2N1NHVvbUUrdGFhU0JGZkNsTmZDaE9tSlAzeXUrVlI4eVMyR1ZrTVRhMytHaQ&app_key=Search.PC&client_id=1&next=https%3A%2F%2Fshopee.vn%2Fverify%2Ftraffic&redirect_type=2&scene=crawler_item&should_replace_history=true (0)
[15988:11728:0403/171617.417:INFO:CONSOLE(1)] "MiniChat Build Time:  Thu Mar 28 2024 18:40:35 GMT+0800 (Singapore Standard Time)", source: https://deo.shopeemobile.com/shopee/shopee-pcmall-live-sg/assets/8379.f47b8558c4874d1a.js (1)
